2021-05-03T05:13:12+00:00 CRITICAL syntax error, unexpected token "<", expecting end of file in C:\xampp\htdocs\wordpress\wp-content\themes\blank\Template\Home-Template.php on line 5

2021-05-03T05:15:21+00:00 CRITICAL syntax error, unexpected token ">" in C:\xampp\htdocs\wordpress\wp-content\themes\blank\Template\Home-Template.php on line 5

2021-05-03T05:15:46+00:00 CRITICAL Uncaught Error: Undefined constant "​" in C:\xampp\htdocs\wordpress\wp-content\themes\blank\Template\Home-Template.php:5
Stack trace:
#0 C:\xampp\htdocs\wordpress\wp-includes\template-loader.php(106): include()
#1 C:\xampp\htdocs\wordpress\wp-blog-header.php(19): require_once('C:\\xampp\\htdocs...')
#2 C:\xampp\htdocs\wordpress\index.php(17): require('C:\\xampp\\htdocs...')
#3 {main}
  thrown in C:\xampp\htdocs\wordpress\wp-content\themes\blank\Template\Home-Template.php on line 5

2021-05-03T05:15:47+00:00 CRITICAL Uncaught Error: Undefined constant "​" in C:\xampp\htdocs\wordpress\wp-content\themes\blank\Template\Home-Template.php:5
Stack trace:
#0 C:\xampp\htdocs\wordpress\wp-includes\template-loader.php(106): include()
#1 C:\xampp\htdocs\wordpress\wp-blog-header.php(19): require_once('C:\\xampp\\htdocs...')
#2 C:\xampp\htdocs\wordpress\index.php(17): require('C:\\xampp\\htdocs...')
#3 {main}
  thrown in C:\xampp\htdocs\wordpress\wp-content\themes\blank\Template\Home-Template.php on line 5

2021-05-03T05:15:54+00:00 CRITICAL Uncaught Error: Undefined constant "​" in C:\xampp\htdocs\wordpress\wp-content\themes\blank\Template\Home-Template.php:5
Stack trace:
#0 C:\xampp\htdocs\wordpress\wp-includes\template-loader.php(106): include()
#1 C:\xampp\htdocs\wordpress\wp-blog-header.php(19): require_once('C:\\xampp\\htdocs...')
#2 C:\xampp\htdocs\wordpress\index.php(17): require('C:\\xampp\\htdocs...')
#3 {main}
  thrown in C:\xampp\htdocs\wordpress\wp-content\themes\blank\Template\Home-Template.php on line 5

2021-05-03T05:15:55+00:00 CRITICAL Uncaught Error: Undefined constant "​" in C:\xampp\htdocs\wordpress\wp-content\themes\blank\Template\Home-Template.php:5
Stack trace:
#0 C:\xampp\htdocs\wordpress\wp-includes\template-loader.php(106): include()
#1 C:\xampp\htdocs\wordpress\wp-blog-header.php(19): require_once('C:\\xampp\\htdocs...')
#2 C:\xampp\htdocs\wordpress\index.php(17): require('C:\\xampp\\htdocs...')
#3 {main}
  thrown in C:\xampp\htdocs\wordpress\wp-content\themes\blank\Template\Home-Template.php on line 5

2021-05-03T05:16:06+00:00 CRITICAL Uncaught Error: Undefined constant "​" in C:\xampp\htdocs\wordpress\wp-content\themes\blank\Template\Home-Template.php:5
Stack trace:
#0 C:\xampp\htdocs\wordpress\wp-includes\template-loader.php(106): include()
#1 C:\xampp\htdocs\wordpress\wp-blog-header.php(19): require_once('C:\\xampp\\htdocs...')
#2 C:\xampp\htdocs\wordpress\index.php(17): require('C:\\xampp\\htdocs...')
#3 {main}
  thrown in C:\xampp\htdocs\wordpress\wp-content\themes\blank\Template\Home-Template.php on line 5

